<?xml version="1.0" encoding="UTF-8"?>
<testng-results skipped="0" failed="1" ignored="2" total="11" passed="8">
  <reporter-output>
  </reporter-output>
  <suite name="Testing Suite" duration-ms="49845" started-at="2023-07-18T08:09:06Z" finished-at="2023-07-18T08:09:55Z">
    <groups>
    </groups>
    <test name="Test one" duration-ms="49656" started-at="2023-07-18T08:09:06Z" finished-at="2023-07-18T08:09:55Z">
      <class name="org.testNGsample.SuiteSample1">
        <test-method status="PASS" signature="tc01()[pri:0, instance:org.testNGsample.SuiteSample1@553f17c]" name="tc01" is-config="true" duration-ms="47930" started-at="2023-07-18T08:09:06Z" finished-at="2023-07-18T08:09:54Z">
          <reporter-output>
          </reporter-output>
        </test-method> <!-- tc01 -->
        <test-method status="PASS" signature="tc02()[pri:0, instance:org.testNGsample.SuiteSample1@553f17c]" name="tc02" is-config="true" duration-ms="1256" started-at="2023-07-18T08:09:54Z" finished-at="2023-07-18T08:09:55Z">
          <reporter-output>
          </reporter-output>
        </test-method> <!-- tc02 -->
        <test-method status="FAIL" signature="tc05()[pri:0, instance:org.testNGsample.SuiteSample1@553f17c]" name="tc05" duration-ms="288" started-at="2023-07-18T08:09:55Z" finished-at="2023-07-18T08:09:55Z">
          <exception class="org.openqa.selenium.NoSuchWindowException">
            <message>
              <![CDATA[no such window: target window already closed
from unknown error: web view not found
  (Session info: MicrosoftEdge=114.0.1823.82)
Build info: version: '3.141.59', revision: 'e82be7d358', time: '2018-11-14T08:17:03'
System info: host: 'DESKTOP-D6FQT73', ip: '192.168.29.101', os.name: 'Windows 10', os.arch: 'amd64', os.version: '10.0', java.version: '1.8.0_341'
Driver info: org.openqa.selenium.edge.EdgeDriver
Capabilities {acceptInsecureCerts: false, browserName: msedge, browserVersion: 114.0.1823.82, javascriptEnabled: true, ms:edgeOptions: {debuggerAddress: localhost:62127}, msedge: {msedgedriverVersion: 114.0.1823.82 (ac4903679dd6..., userDataDir: C:\Users\USER\AppData\Local...}, networkConnectionEnabled: false, pageLoadStrategy: normal, platform: WINDOWS, platformName: WINDOWS, proxy: Proxy(), setWindowRect: true, strictFileInteractability: false, timeouts: {implicit: 0, pageLoad: 300000, script: 30000}, unhandledPromptBehavior: dismiss and notify, webauthn:extension:credBlob: true, webauthn:extension:largeBlob: true, webauthn:extension:minPinLength: true, webauthn:extension:prf: true, webauthn:virtualAuthenticators: true}
Session ID: ca9210f1bb4c317ca1ee2e9b3a9d266a
*** Element info: {Using=id, value=email}]]>
            </message>
            <full-stacktrace>
              <![CDATA[org.openqa.selenium.NoSuchWindowException: no such window: target window already closed
from unknown error: web view not found
  (Session info: MicrosoftEdge=114.0.1823.82)
Build info: version: '3.141.59', revision: 'e82be7d358', time: '2018-11-14T08:17:03'
System info: host: 'DESKTOP-D6FQT73', ip: '192.168.29.101', os.name: 'Windows 10', os.arch: 'amd64', os.version: '10.0', java.version: '1.8.0_341'
Driver info: org.openqa.selenium.edge.EdgeDriver
Capabilities {acceptInsecureCerts: false, browserName: msedge, browserVersion: 114.0.1823.82, javascriptEnabled: true, ms:edgeOptions: {debuggerAddress: localhost:62127}, msedge: {msedgedriverVersion: 114.0.1823.82 (ac4903679dd6..., userDataDir: C:\Users\USER\AppData\Local...}, networkConnectionEnabled: false, pageLoadStrategy: normal, platform: WINDOWS, platformName: WINDOWS, proxy: Proxy(), setWindowRect: true, strictFileInteractability: false, timeouts: {implicit: 0, pageLoad: 300000, script: 30000}, unhandledPromptBehavior: dismiss and notify, webauthn:extension:credBlob: true, webauthn:extension:largeBlob: true, webauthn:extension:minPinLength: true, webauthn:extension:prf: true, webauthn:virtualAuthenticators: true}
Session ID: ca9210f1bb4c317ca1ee2e9b3a9d266a
*** Element info: {Using=id, value=email}
at sun.reflect.NativeConstructorAccessorImpl.newInstance0(Native Method)
at sun.reflect.NativeConstructorAccessorImpl.newInstance(Unknown Source)
at sun.reflect.DelegatingConstructorAccessorImpl.newInstance(Unknown Source)
at java.lang.reflect.Constructor.newInstance(Unknown Source)
at org.openqa.selenium.remote.http.W3CHttpResponseCodec.createException(W3CHttpResponseCodec.java:187)
at org.openqa.selenium.remote.http.W3CHttpResponseCodec.decode(W3CHttpResponseCodec.java:122)
at org.openqa.selenium.remote.http.W3CHttpResponseCodec.decode(W3CHttpResponseCodec.java:49)
at org.openqa.selenium.remote.HttpCommandExecutor.execute(HttpCommandExecutor.java:158)
at org.openqa.selenium.remote.service.DriverCommandExecutor.execute(DriverCommandExecutor.java:83)
at org.openqa.selenium.remote.RemoteWebDriver.execute(RemoteWebDriver.java:552)
at org.openqa.selenium.remote.RemoteWebDriver.findElement(RemoteWebDriver.java:323)
at org.openqa.selenium.remote.RemoteWebDriver.findElementById(RemoteWebDriver.java:372)
at org.openqa.selenium.By$ById.findElement(By.java:188)
at org.openqa.selenium.remote.RemoteWebDriver.findElement(RemoteWebDriver.java:315)
at org.testNGsample.SuiteSample1.tc05(SuiteSample1.java:43)
at sun.reflect.NativeMethodAccessorImpl.invoke0(Native Method)
at sun.reflect.NativeMethodAccessorImpl.invoke(Unknown Source)
at sun.reflect.DelegatingMethodAccessorImpl.invoke(Unknown Source)
at java.lang.reflect.Method.invoke(Unknown Source)
at org.testng.internal.MethodInvocationHelper.invokeMethod(MethodInvocationHelper.java:124)
at org.testng.internal.Invoker.invokeMethod(Invoker.java:583)
at org.testng.internal.Invoker.invokeTestMethod(Invoker.java:719)
at org.testng.internal.Invoker.invokeTestMethods(Invoker.java:989)
at org.testng.internal.TestMethodWorker.invokeTestMethods(TestMethodWorker.java:125)
at org.testng.internal.TestMethodWorker.run(TestMethodWorker.java:109)
at org.testng.TestRunner.privateRun(TestRunner.java:648)
at org.testng.TestRunner.run(TestRunner.java:505)
at org.testng.SuiteRunner.runTest(SuiteRunner.java:455)
at org.testng.SuiteRunner.runSequentially(SuiteRunner.java:450)
at org.testng.SuiteRunner.privateRun(SuiteRunner.java:415)
at org.testng.SuiteRunner.run(SuiteRunner.java:364)
at org.testng.SuiteRunnerWorker.runSuite(SuiteRunnerWorker.java:52)
at org.testng.SuiteRunnerWorker.run(SuiteRunnerWorker.java:84)
at org.testng.TestNG.runSuitesSequentially(TestNG.java:1208)
at org.testng.TestNG.runSuitesLocally(TestNG.java:1137)
at org.testng.TestNG.runSuites(TestNG.java:1049)
at org.testng.TestNG.run(TestNG.java:1017)
at org.testng.remote.AbstractRemoteTestNG.run(AbstractRemoteTestNG.java:114)
at org.testng.remote.RemoteTestNG.initAndRun(RemoteTestNG.java:251)
at org.testng.remote.RemoteTestNG.main(RemoteTestNG.java:77)
]]>
            </full-stacktrace>
          </exception> <!-- org.openqa.selenium.NoSuchWindowException -->
          <reporter-output>
          </reporter-output>
        </test-method> <!-- tc05 -->
        <test-method status="FAIL" signature="tc04()[pri:0, instance:org.testNGsample.SuiteSample1@553f17c]" name="tc04" is-config="true" duration-ms="56" started-at="2023-07-18T08:09:55Z" finished-at="2023-07-18T08:09:55Z">
          <exception class="org.openqa.selenium.NoSuchWindowException">
            <message>
              <![CDATA[no such window: target window already closed
from unknown error: web view not found
  (Session info: MicrosoftEdge=114.0.1823.82)
Build info: version: '3.141.59', revision: 'e82be7d358', time: '2018-11-14T08:17:03'
System info: host: 'DESKTOP-D6FQT73', ip: '192.168.29.101', os.name: 'Windows 10', os.arch: 'amd64', os.version: '10.0', java.version: '1.8.0_341'
Driver info: org.openqa.selenium.edge.EdgeDriver
Capabilities {acceptInsecureCerts: false, browserName: msedge, browserVersion: 114.0.1823.82, javascriptEnabled: true, ms:edgeOptions: {debuggerAddress: localhost:62127}, msedge: {msedgedriverVersion: 114.0.1823.82 (ac4903679dd6..., userDataDir: C:\Users\USER\AppData\Local...}, networkConnectionEnabled: false, pageLoadStrategy: normal, platform: WINDOWS, platformName: WINDOWS, proxy: Proxy(), setWindowRect: true, strictFileInteractability: false, timeouts: {implicit: 0, pageLoad: 300000, script: 30000}, unhandledPromptBehavior: dismiss and notify, webauthn:extension:credBlob: true, webauthn:extension:largeBlob: true, webauthn:extension:minPinLength: true, webauthn:extension:prf: true, webauthn:virtualAuthenticators: true}
Session ID: ca9210f1bb4c317ca1ee2e9b3a9d266a]]>
            </message>
            <full-stacktrace>
              <![CDATA[org.openqa.selenium.NoSuchWindowException: no such window: target window already closed
from unknown error: web view not found
  (Session info: MicrosoftEdge=114.0.1823.82)
Build info: version: '3.141.59', revision: 'e82be7d358', time: '2018-11-14T08:17:03'
System info: host: 'DESKTOP-D6FQT73', ip: '192.168.29.101', os.name: 'Windows 10', os.arch: 'amd64', os.version: '10.0', java.version: '1.8.0_341'
Driver info: org.openqa.selenium.edge.EdgeDriver
Capabilities {acceptInsecureCerts: false, browserName: msedge, browserVersion: 114.0.1823.82, javascriptEnabled: true, ms:edgeOptions: {debuggerAddress: localhost:62127}, msedge: {msedgedriverVersion: 114.0.1823.82 (ac4903679dd6..., userDataDir: C:\Users\USER\AppData\Local...}, networkConnectionEnabled: false, pageLoadStrategy: normal, platform: WINDOWS, platformName: WINDOWS, proxy: Proxy(), setWindowRect: true, strictFileInteractability: false, timeouts: {implicit: 0, pageLoad: 300000, script: 30000}, unhandledPromptBehavior: dismiss and notify, webauthn:extension:credBlob: true, webauthn:extension:largeBlob: true, webauthn:extension:minPinLength: true, webauthn:extension:prf: true, webauthn:virtualAuthenticators: true}
Session ID: ca9210f1bb4c317ca1ee2e9b3a9d266a
at sun.reflect.NativeConstructorAccessorImpl.newInstance0(Native Method)
at sun.reflect.NativeConstructorAccessorImpl.newInstance(Unknown Source)
at sun.reflect.DelegatingConstructorAccessorImpl.newInstance(Unknown Source)
at java.lang.reflect.Constructor.newInstance(Unknown Source)
at org.openqa.selenium.remote.http.W3CHttpResponseCodec.createException(W3CHttpResponseCodec.java:187)
at org.openqa.selenium.remote.http.W3CHttpResponseCodec.decode(W3CHttpResponseCodec.java:122)
at org.openqa.selenium.remote.http.W3CHttpResponseCodec.decode(W3CHttpResponseCodec.java:49)
at org.openqa.selenium.remote.HttpCommandExecutor.execute(HttpCommandExecutor.java:158)
at org.openqa.selenium.remote.service.DriverCommandExecutor.execute(DriverCommandExecutor.java:83)
at org.openqa.selenium.remote.RemoteWebDriver.execute(RemoteWebDriver.java:552)
at org.openqa.selenium.remote.RemoteWebDriver.execute(RemoteWebDriver.java:609)
at org.openqa.selenium.remote.RemoteWebDriver.getScreenshotAs(RemoteWebDriver.java:295)
at org.testNGsample.SuiteSample1.tc04(SuiteSample1.java:58)
at sun.reflect.NativeMethodAccessorImpl.invoke0(Native Method)
at sun.reflect.NativeMethodAccessorImpl.invoke(Unknown Source)
at sun.reflect.DelegatingMethodAccessorImpl.invoke(Unknown Source)
at java.lang.reflect.Method.invoke(Unknown Source)
at org.testng.internal.MethodInvocationHelper.invokeMethod(MethodInvocationHelper.java:124)
at org.testng.internal.MethodInvocationHelper.invokeMethodConsideringTimeout(MethodInvocationHelper.java:59)
at org.testng.internal.Invoker.invokeConfigurationMethod(Invoker.java:458)
at org.testng.internal.Invoker.invokeConfigurations(Invoker.java:222)
at org.testng.internal.Invoker.invokeMethod(Invoker.java:646)
at org.testng.internal.Invoker.invokeTestMethod(Invoker.java:719)
at org.testng.internal.Invoker.invokeTestMethods(Invoker.java:989)
at org.testng.internal.TestMethodWorker.invokeTestMethods(TestMethodWorker.java:125)
at org.testng.internal.TestMethodWorker.run(TestMethodWorker.java:109)
at org.testng.TestRunner.privateRun(TestRunner.java:648)
at org.testng.TestRunner.run(TestRunner.java:505)
at org.testng.SuiteRunner.runTest(SuiteRunner.java:455)
at org.testng.SuiteRunner.runSequentially(SuiteRunner.java:450)
at org.testng.SuiteRunner.privateRun(SuiteRunner.java:415)
at org.testng.SuiteRunner.run(SuiteRunner.java:364)
at org.testng.SuiteRunnerWorker.runSuite(SuiteRunnerWorker.java:52)
at org.testng.SuiteRunnerWorker.run(SuiteRunnerWorker.java:84)
at org.testng.TestNG.runSuitesSequentially(TestNG.java:1208)
at org.testng.TestNG.runSuitesLocally(TestNG.java:1137)
at org.testng.TestNG.runSuites(TestNG.java:1049)
at org.testng.TestNG.run(TestNG.java:1017)
at org.testng.remote.AbstractRemoteTestNG.run(AbstractRemoteTestNG.java:114)
at org.testng.remote.RemoteTestNG.initAndRun(RemoteTestNG.java:251)
at org.testng.remote.RemoteTestNG.main(RemoteTestNG.java:77)
]]>
            </full-stacktrace>
          </exception> <!-- org.openqa.selenium.NoSuchWindowException -->
          <reporter-output>
          </reporter-output>
        </test-method> <!-- tc04 -->
        <test-method status="SKIP" signature="tc03()[pri:0, instance:org.testNGsample.SuiteSample1@553f17c]" name="tc03" is-config="true" duration-ms="0" started-at="2023-07-18T08:09:55Z" finished-at="2023-07-18T08:09:55Z">
          <reporter-output>
          </reporter-output>
        </test-method> <!-- tc03 -->
      </class> <!-- org.testNGsample.SuiteSample1 -->
      <class name="org.testNGsample.SuiteSample2">
        <test-method status="PASS" signature="tc1()[pri:0, instance:org.testNGsample.SuiteSample2@5f341870]" name="tc1" is-config="true" duration-ms="2" started-at="2023-07-18T08:09:55Z" finished-at="2023-07-18T08:09:55Z">
          <reporter-output>
          </reporter-output>
        </test-method> <!-- tc1 -->
        <test-method status="PASS" signature="tc2()[pri:0, instance:org.testNGsample.SuiteSample2@5f341870]" name="tc2" is-config="true" duration-ms="0" started-at="2023-07-18T08:09:55Z" finished-at="2023-07-18T08:09:55Z">
          <reporter-output>
          </reporter-output>
        </test-method> <!-- tc2 -->
        <test-method status="PASS" signature="tc7()[pri:1, instance:org.testNGsample.SuiteSample2@5f341870]" name="tc7" duration-ms="3" started-at="2023-07-18T08:09:55Z" finished-at="2023-07-18T08:09:55Z">
          <reporter-output>
          </reporter-output>
        </test-method> <!-- tc7 -->
        <test-method status="PASS" signature="tc4()[pri:0, instance:org.testNGsample.SuiteSample2@5f341870]" name="tc4" is-config="true" duration-ms="3" started-at="2023-07-18T08:09:55Z" finished-at="2023-07-18T08:09:55Z">
          <reporter-output>
          </reporter-output>
        </test-method> <!-- tc4 -->
        <test-method status="PASS" signature="tc2()[pri:0, instance:org.testNGsample.SuiteSample2@5f341870]" name="tc2" is-config="true" duration-ms="1" started-at="2023-07-18T08:09:55Z" finished-at="2023-07-18T08:09:55Z">
          <reporter-output>
          </reporter-output>
        </test-method> <!-- tc2 -->
        <test-method status="PASS" signature="tc5()[pri:2, instance:org.testNGsample.SuiteSample2@5f341870]" name="tc5" duration-ms="4" started-at="2023-07-18T08:09:55Z" finished-at="2023-07-18T08:09:55Z">
          <reporter-output>
          </reporter-output>
        </test-method> <!-- tc5 -->
        <test-method status="PASS" signature="tc4()[pri:0, instance:org.testNGsample.SuiteSample2@5f341870]" name="tc4" is-config="true" duration-ms="1" started-at="2023-07-18T08:09:55Z" finished-at="2023-07-18T08:09:55Z">
          <reporter-output>
          </reporter-output>
        </test-method> <!-- tc4 -->
        <test-method status="PASS" signature="tc5()[pri:2, instance:org.testNGsample.SuiteSample2@5f341870]" name="tc5" duration-ms="3" started-at="2023-07-18T08:09:55Z" finished-at="2023-07-18T08:09:55Z">
          <reporter-output>
          </reporter-output>
        </test-method> <!-- tc5 -->
        <test-method status="PASS" signature="tc2()[pri:0, instance:org.testNGsample.SuiteSample2@5f341870]" name="tc2" is-config="true" duration-ms="0" started-at="2023-07-18T08:09:55Z" finished-at="2023-07-18T08:09:55Z">
          <reporter-output>
          </reporter-output>
        </test-method> <!-- tc2 -->
        <test-method status="PASS" signature="tc2()[pri:0, instance:org.testNGsample.SuiteSample2@5f341870]" name="tc2" is-config="true" duration-ms="1" started-at="2023-07-18T08:09:55Z" finished-at="2023-07-18T08:09:55Z">
          <reporter-output>
          </reporter-output>
        </test-method> <!-- tc2 -->
        <test-method status="PASS" signature="tc4()[pri:0, instance:org.testNGsample.SuiteSample2@5f341870]" name="tc4" is-config="true" duration-ms="0" started-at="2023-07-18T08:09:55Z" finished-at="2023-07-18T08:09:55Z">
          <reporter-output>
          </reporter-output>
        </test-method> <!-- tc4 -->
        <test-method status="PASS" signature="tc5()[pri:2, instance:org.testNGsample.SuiteSample2@5f341870]" name="tc5" duration-ms="3" started-at="2023-07-18T08:09:55Z" finished-at="2023-07-18T08:09:55Z">
          <reporter-output>
          </reporter-output>
        </test-method> <!-- tc5 -->
        <test-method status="PASS" signature="tc4()[pri:0, instance:org.testNGsample.SuiteSample2@5f341870]" name="tc4" is-config="true" duration-ms="0" started-at="2023-07-18T08:09:55Z" finished-at="2023-07-18T08:09:55Z">
          <reporter-output>
          </reporter-output>
        </test-method> <!-- tc4 -->
        <test-method status="PASS" signature="tc3()[pri:0, instance:org.testNGsample.SuiteSample2@5f341870]" name="tc3" is-config="true" duration-ms="0" started-at="2023-07-18T08:09:55Z" finished-at="2023-07-18T08:09:55Z">
          <reporter-output>
          </reporter-output>
        </test-method> <!-- tc3 -->
      </class> <!-- org.testNGsample.SuiteSample2 -->
    </test> <!-- Test one -->
    <test name="Test 2" duration-ms="100" started-at="2023-07-18T08:09:55Z" finished-at="2023-07-18T08:09:55Z">
      <class name="org.testNGsample.SuiteSample2">
        <test-method status="PASS" signature="tc1()[pri:0, instance:org.testNGsample.SuiteSample2@4bec1f0c]" name="tc1" is-config="true" duration-ms="1" started-at="2023-07-18T08:09:55Z" finished-at="2023-07-18T08:09:55Z">
          <reporter-output>
          </reporter-output>
        </test-method> <!-- tc1 -->
        <test-method status="PASS" signature="tc2()[pri:0, instance:org.testNGsample.SuiteSample2@4bec1f0c]" name="tc2" is-config="true" duration-ms="0" started-at="2023-07-18T08:09:55Z" finished-at="2023-07-18T08:09:55Z">
          <reporter-output>
          </reporter-output>
        </test-method> <!-- tc2 -->
        <test-method status="PASS" signature="tc7()[pri:1, instance:org.testNGsample.SuiteSample2@4bec1f0c]" name="tc7" duration-ms="9" started-at="2023-07-18T08:09:55Z" finished-at="2023-07-18T08:09:55Z">
          <reporter-output>
          </reporter-output>
        </test-method> <!-- tc7 -->
        <test-method status="PASS" signature="tc4()[pri:0, instance:org.testNGsample.SuiteSample2@4bec1f0c]" name="tc4" is-config="true" duration-ms="1" started-at="2023-07-18T08:09:55Z" finished-at="2023-07-18T08:09:55Z">
          <reporter-output>
          </reporter-output>
        </test-method> <!-- tc4 -->
        <test-method status="PASS" signature="tc2()[pri:0, instance:org.testNGsample.SuiteSample2@4bec1f0c]" name="tc2" is-config="true" duration-ms="1" started-at="2023-07-18T08:09:55Z" finished-at="2023-07-18T08:09:55Z">
          <reporter-output>
          </reporter-output>
        </test-method> <!-- tc2 -->
        <test-method status="PASS" signature="tc5()[pri:2, instance:org.testNGsample.SuiteSample2@4bec1f0c]" name="tc5" duration-ms="5" started-at="2023-07-18T08:09:55Z" finished-at="2023-07-18T08:09:55Z">
          <reporter-output>
          </reporter-output>
        </test-method> <!-- tc5 -->
        <test-method status="PASS" signature="tc4()[pri:0, instance:org.testNGsample.SuiteSample2@4bec1f0c]" name="tc4" is-config="true" duration-ms="0" started-at="2023-07-18T08:09:55Z" finished-at="2023-07-18T08:09:55Z">
          <reporter-output>
          </reporter-output>
        </test-method> <!-- tc4 -->
        <test-method status="PASS" signature="tc5()[pri:2, instance:org.testNGsample.SuiteSample2@4bec1f0c]" name="tc5" duration-ms="8" started-at="2023-07-18T08:09:55Z" finished-at="2023-07-18T08:09:55Z">
          <reporter-output>
          </reporter-output>
        </test-method> <!-- tc5 -->
        <test-method status="PASS" signature="tc2()[pri:0, instance:org.testNGsample.SuiteSample2@4bec1f0c]" name="tc2" is-config="true" duration-ms="0" started-at="2023-07-18T08:09:55Z" finished-at="2023-07-18T08:09:55Z">
          <reporter-output>
          </reporter-output>
        </test-method> <!-- tc2 -->
        <test-method status="PASS" signature="tc4()[pri:0, instance:org.testNGsample.SuiteSample2@4bec1f0c]" name="tc4" is-config="true" duration-ms="1" started-at="2023-07-18T08:09:55Z" finished-at="2023-07-18T08:09:55Z">
          <reporter-output>
          </reporter-output>
        </test-method> <!-- tc4 -->
        <test-method status="PASS" signature="tc2()[pri:0, instance:org.testNGsample.SuiteSample2@4bec1f0c]" name="tc2" is-config="true" duration-ms="4" started-at="2023-07-18T08:09:55Z" finished-at="2023-07-18T08:09:55Z">
          <reporter-output>
          </reporter-output>
        </test-method> <!-- tc2 -->
        <test-method status="PASS" signature="tc5()[pri:2, instance:org.testNGsample.SuiteSample2@4bec1f0c]" name="tc5" duration-ms="4" started-at="2023-07-18T08:09:55Z" finished-at="2023-07-18T08:09:55Z">
          <reporter-output>
          </reporter-output>
        </test-method> <!-- tc5 -->
        <test-method status="PASS" signature="tc4()[pri:0, instance:org.testNGsample.SuiteSample2@4bec1f0c]" name="tc4" is-config="true" duration-ms="1" started-at="2023-07-18T08:09:55Z" finished-at="2023-07-18T08:09:55Z">
          <reporter-output>
          </reporter-output>
        </test-method> <!-- tc4 -->
        <test-method status="PASS" signature="tc3()[pri:0, instance:org.testNGsample.SuiteSample2@4bec1f0c]" name="tc3" is-config="true" duration-ms="0" started-at="2023-07-18T08:09:55Z" finished-at="2023-07-18T08:09:55Z">
          <reporter-output>
          </reporter-output>
        </test-method> <!-- tc3 -->
      </class> <!-- org.testNGsample.SuiteSample2 -->
    </test> <!-- Test 2 -->
  </suite> <!-- Testing Suite -->
</testng-results>
